2017-12-11 16:23:44,455 - teradata.udaexec - INFO - Initializing UdaExec...
2017-12-11 16:23:44,457 - teradata.udaexec - INFO - Reading config files: ['C:\\etc\\udaexec.ini: Not Found', 'C:\\Users\\WEITEM\\udaexec.ini: Not Found', 'C:\\Users\\WEITEM\\Documents\\GBI\\HCPs\\KOL Anomaly Detection\\udaexec.ini: Not Found']
2017-12-11 16:23:44,462 - teradata.udaexec - INFO - Found run number file: "C:\Users\WEITEM\Documents\GBI\HCPs\KOL Anomaly Detection\.runNumber"
2017-12-11 16:23:44,465 - teradata.udaexec - INFO - Cleaning up log files older than 90 days.
2017-12-11 16:23:44,467 - teradata.udaexec - INFO - Removed 0 log files.
2017-12-11 16:23:44,708 - teradata.udaexec - INFO - Checkpoint file not found: C:\Users\WEITEM\Documents\GBI\HCPs\KOL Anomaly Detection\Pfizer_KOL_CMS_App.checkpoint
2017-12-11 16:23:44,711 - teradata.udaexec - INFO - No previous checkpoint found, executing from beginning...
2017-12-11 16:23:44,713 - teradata.udaexec - INFO - Execution Details:
/********************************************************************************
 * Application Name: Pfizer_KOL_CMS_App
 *          Version: 1.0
 *       Run Number: 20171211162344-13
 *             Host: AMRL20FEP16EXDT
 *         Platform: Windows-10-10.0.10586-SP0
 *          OS User: WEITEM
 *   Python Version: 3.5.4
 *  Python Compiler: MSC v.1900 64 bit (AMD64)
 *     Python Build: ('default', 'Nov  8 2017 14:34:30')
 *  UdaExec Version: 15.10.0.21
 *     Program Name: C:\Program Files\Anaconda3\lib\site-packages\ipykernel\__main__.py
 *      Working Dir: C:\Users\WEITEM\Documents\GBI\HCPs\KOL Anomaly Detection
 *      Git Version: git version 2.14.1.windows.1
 *     Git Revision: dfd3012
 *        Git Dirty: True [ M xoxoRoyFlesichman_Teradata.ipynb,?? .ipynb_checkpoints/,?? .runNumber,?? logs/]
 *          Log Dir: C:\Users\WEITEM\Documents\GBI\HCPs\KOL Anomaly Detection\logs
 *         Log File: C:\Users\WEITEM\Documents\GBI\HCPs\KOL Anomaly Detection\logs\Pfizer_KOL_CMS_App.20171211162344-13.log
 *     Config Files: ['C:\\etc\\udaexec.ini: Not Found', 'C:\\Users\\WEITEM\\udaexec.ini: Not Found', 'C:\\Users\\WEITEM\\Documents\\GBI\\HCPs\\KOL Anomaly Detection\\udaexec.ini: Not Found']
 *      Query Bands: ApplicationName=Pfizer_KOL_CMS_App;Version=1.0;JobID=20171211162344-13;ClientUser=WEITEM;Production=False;udaAppLogFile=C:\Users\WEITEM\Documents\GBI\HCPs\KOL Anomaly Detection\logs\Pfizer_KOL_CMS_App.20171211162344-13.log;gitRevision=dfd3012;gitDirty=True;UtilityName=PyTd;UtilityVersion=15.10.0.21
********************************************************************************/
2017-12-11 16:23:50,008 - teradata.udaexec - INFO - Creating connection: {'system': 'amrndhp3', 'password': 'XXXXXX', 'method': 'odbc', 'username': 'WEITEM'}
2017-12-11 16:23:50,024 - teradata.tdodbc - INFO - Available drivers: SQL Server, Teradata, SQL Server Native Client 10.0, PostgreSQL ANSI(x64), PostgreSQL Unicode(x64), Amazon Redshift (x64), MySQL ODBC 5.3 ANSI Driver, MySQL ODBC 5.3 Unicode Driver
2017-12-11 16:23:54,043 - teradata.udaexec - INFO - Connection successful. Duration: 4.033 seconds. Details: {'system': 'amrndhp3', 'password': 'XXXXXX', 'method': 'odbc', 'username': 'WEITEM'}
2017-12-11 16:23:54,191 - teradata.udaexec - INFO - Query Successful. Duration: 0.138 seconds, Rows: 119402, Query: SELECT * FROM HVAD_TEAM_T.mw_cms_kol_all_2k17
2017-12-11 16:24:12,580 - teradata.udaexec - INFO - Query Successful. Duration: 0.143 seconds, Rows: 12, Query: SELECT ColumnName FROM dbc.ColumnsV WHERE DatabaseName='HVAD_TEAM_T' AND TableName='mw_cms_kol_all_2k17' ORDER BY ColumnId
2017-12-12 11:23:41,685 - teradata.udaexec - INFO - Initializing UdaExec...
2017-12-12 11:23:41,688 - teradata.udaexec - INFO - Reading config files: ['C:\\etc\\udaexec.ini: Not Found', 'C:\\Users\\WEITEM\\udaexec.ini: Not Found', 'C:\\Users\\WEITEM\\Documents\\GBI\\HCPs\\KOL Anomaly Detection\\udaexec.ini: Not Found']
2017-12-12 11:23:41,694 - teradata.udaexec - INFO - Found run number file: "C:\Users\WEITEM\Documents\GBI\HCPs\KOL Anomaly Detection\.runNumber"
2017-12-12 11:23:41,699 - teradata.udaexec - INFO - Cleaning up log files older than 90 days.
2017-12-12 11:23:41,701 - teradata.udaexec - INFO - Removed 0 log files.
2017-12-12 11:23:41,956 - teradata.udaexec - INFO - Checkpoint file not found: C:\Users\WEITEM\Documents\GBI\HCPs\KOL Anomaly Detection\Pfizer_KOL_CMS_App.checkpoint
2017-12-12 11:23:41,960 - teradata.udaexec - INFO - No previous checkpoint found, executing from beginning...
2017-12-12 11:23:41,962 - teradata.udaexec - INFO - Execution Details:
/********************************************************************************
 * Application Name: Pfizer_KOL_CMS_App
 *          Version: 1.0
 *       Run Number: 20171212112341-14
 *             Host: AMRL20FEP16EXDT
 *         Platform: Windows-10-10.0.10586-SP0
 *          OS User: WEITEM
 *   Python Version: 3.5.4
 *  Python Compiler: MSC v.1900 64 bit (AMD64)
 *     Python Build: ('default', 'Nov  8 2017 14:34:30')
 *  UdaExec Version: 15.10.0.21
 *     Program Name: C:\Program Files\Anaconda3\lib\site-packages\ipykernel\__main__.py
 *      Working Dir: C:\Users\WEITEM\Documents\GBI\HCPs\KOL Anomaly Detection
 *      Git Version: git version 2.14.1.windows.1
 *     Git Revision: dfd3012
 *        Git Dirty: True [ M xoxoRoyFlesichman_Teradata.ipynb,?? .ipynb_checkpoints/,?? .runNumber,?? logs/]
 *          Log Dir: C:\Users\WEITEM\Documents\GBI\HCPs\KOL Anomaly Detection\logs
 *         Log File: C:\Users\WEITEM\Documents\GBI\HCPs\KOL Anomaly Detection\logs\Pfizer_KOL_CMS_App.20171212112341-14.log
 *     Config Files: ['C:\\etc\\udaexec.ini: Not Found', 'C:\\Users\\WEITEM\\udaexec.ini: Not Found', 'C:\\Users\\WEITEM\\Documents\\GBI\\HCPs\\KOL Anomaly Detection\\udaexec.ini: Not Found']
 *      Query Bands: ApplicationName=Pfizer_KOL_CMS_App;Version=1.0;JobID=20171212112341-14;ClientUser=WEITEM;Production=False;udaAppLogFile=C:\Users\WEITEM\Documents\GBI\HCPs\KOL Anomaly Detection\logs\Pfizer_KOL_CMS_App.20171212112341-14.log;gitRevision=dfd3012;gitDirty=True;UtilityName=PyTd;UtilityVersion=15.10.0.21
********************************************************************************/
2017-12-12 11:23:44,286 - teradata.udaexec - INFO - Creating connection: {'system': 'amrndhp3', 'password': 'XXXXXX', 'method': 'odbc', 'username': 'WEITEM'}
2017-12-12 11:23:45,467 - teradata.udaexec - INFO - Connection successful. Duration: 1.177 seconds. Details: {'system': 'amrndhp3', 'password': 'XXXXXX', 'method': 'odbc', 'username': 'WEITEM'}
2017-12-12 11:23:45,841 - teradata.udaexec - INFO - Query Successful. Duration: 0.299 seconds, Rows: 119402, Query: SELECT * FROM HVAD_TEAM_T.mw_cms_kol_all_2k17
2017-12-12 11:24:12,782 - teradata.udaexec - INFO - Query Successful. Duration: 0.349 seconds, Rows: 12, Query: SELECT ColumnName FROM dbc.ColumnsV WHERE DatabaseName='HVAD_TEAM_T' AND TableName='mw_cms_kol_all_2k17' ORDER BY ColumnId
