2017-12-07 13:55:37,433 - teradata.udaexec - INFO - Initializing UdaExec...
2017-12-07 13:55:37,437 - teradata.udaexec - INFO - Reading config files: ['C:\\etc\\udaexec.ini: Not Found', 'C:\\Users\\WEITEM\\udaexec.ini: Not Found', 'C:\\Users\\WEITEM\\Documents\\GBI\\HCPs\\KOL Anomaly Detection\\udaexec.ini: Not Found']
2017-12-07 13:55:37,444 - teradata.udaexec - INFO - Found run number file: "C:\Users\WEITEM\Documents\GBI\HCPs\KOL Anomaly Detection\.runNumber"
2017-12-07 13:55:37,448 - teradata.udaexec - INFO - Cleaning up log files older than 90 days.
2017-12-07 13:55:37,451 - teradata.udaexec - INFO - Removed 0 log files.
2017-12-07 13:55:37,688 - teradata.udaexec - INFO - Checkpoint file not found: C:\Users\WEITEM\Documents\GBI\HCPs\KOL Anomaly Detection\Pfizer_KOL_CMS_App.checkpoint
2017-12-07 13:55:37,691 - teradata.udaexec - INFO - No previous checkpoint found, executing from beginning...
2017-12-07 13:55:37,693 - teradata.udaexec - INFO - Execution Details:
/********************************************************************************
 * Application Name: Pfizer_KOL_CMS_App
 *          Version: 1.0
 *       Run Number: 20171207135537-2
 *             Host: AMRL20FEP16EXDT
 *         Platform: Windows-10-10.0.10586-SP0
 *          OS User: WEITEM
 *   Python Version: 3.5.4
 *  Python Compiler: MSC v.1900 64 bit (AMD64)
 *     Python Build: ('default', 'Nov  8 2017 14:34:30')
 *  UdaExec Version: 15.10.0.21
 *     Program Name: C:\Program Files\Anaconda3\lib\site-packages\ipykernel\__main__.py
 *      Working Dir: C:\Users\WEITEM\Documents\GBI\HCPs\KOL Anomaly Detection
 *      Git Version: git version 2.14.1.windows.1
 *     Git Revision: 30c767f
 *        Git Dirty: True [ M xoxoRoyFleischmann_WebScraping.ipynb, M xoxoRoyFlesichman_Teradata.ipynb,?? .ipynb_checkpoints/,?? .runNumber,?? logs/]
 *          Log Dir: C:\Users\WEITEM\Documents\GBI\HCPs\KOL Anomaly Detection\logs
 *         Log File: C:\Users\WEITEM\Documents\GBI\HCPs\KOL Anomaly Detection\logs\Pfizer_KOL_CMS_App.20171207135537-2.log
 *     Config Files: ['C:\\etc\\udaexec.ini: Not Found', 'C:\\Users\\WEITEM\\udaexec.ini: Not Found', 'C:\\Users\\WEITEM\\Documents\\GBI\\HCPs\\KOL Anomaly Detection\\udaexec.ini: Not Found']
 *      Query Bands: ApplicationName=Pfizer_KOL_CMS_App;Version=1.0;JobID=20171207135537-2;ClientUser=WEITEM;Production=False;udaAppLogFile=C:\Users\WEITEM\Documents\GBI\HCPs\KOL Anomaly Detection\logs\Pfizer_KOL_CMS_App.20171207135537-2.log;gitRevision=30c767f;gitDirty=True;UtilityName=PyTd;UtilityVersion=15.10.0.21
********************************************************************************/
2017-12-07 13:55:40,393 - teradata.udaexec - INFO - Creating connection: {'username': 'WEITEM', 'system': 'amrndhp3', 'password': 'XXXXXX', 'method': 'odbc'}
2017-12-07 13:55:40,408 - teradata.tdodbc - INFO - Available drivers: SQL Server, Teradata, SQL Server Native Client 10.0, PostgreSQL ANSI(x64), PostgreSQL Unicode(x64), Amazon Redshift (x64), MySQL ODBC 5.3 ANSI Driver, MySQL ODBC 5.3 Unicode Driver
2017-12-07 13:55:49,584 - teradata.udaexec - INFO - Connection successful. Duration: 9.188 seconds. Details: {'username': 'WEITEM', 'system': 'amrndhp3', 'password': 'XXXXXX', 'method': 'odbc'}
2017-12-07 13:55:51,107 - teradata.udaexec - INFO - Query Successful. Duration: 0.562 seconds, Rows: 119402, Query: SELECT * FROM HVAD_TEAM_T.mw_cms_kol_all_2k17
2017-12-07 13:56:21,973 - teradata.udaexec - INFO - Query Successful. Duration: 0.505 seconds, Rows: 12, Query: SELECT ColumnName FROM dbc.ColumnsV WHERE DatabaseName='HVAD_TEAM_T' AND TableName='mw_cms_kol_all_2k17' ORDER BY ColumnId
